<?xml version="1.0" encoding="utf-8"?><testsuites name="pytest tests"><testsuite name="pytest" errors="0" failures="0" skipped="0" tests="21" time="4.535" timestamp="2026-05-01T04:11:52.223169+00:00" hostname="agent-env-fcc208a8-30c6-4ad6-8260-2f9fa715b6c4"><testcase classname="tests.test_gma_backend.TestHealth" name="test_root" time="0.193" /><testcase classname="tests.test_gma_backend.TestAuth" name="test_login_success_sets_cookie_and_returns_user" time="0.394" /><testcase classname="tests.test_gma_backend.TestAuth" name="test_login_wrong_password_401" time="0.274" /><testcase classname="tests.test_gma_backend.TestAuth" name="test_login_unknown_email_401" time="0.055" /><testcase classname="tests.test_gma_backend.TestAuth" name="test_me_without_auth_401" time="0.146" /><testcase classname="tests.test_gma_backend.TestAuth" name="test_me_with_bearer" time="0.486" /><testcase classname="tests.test_gma_backend.TestAuth" name="test_me_with_cookie" time="0.052" /><testcase classname="tests.test_gma_backend.TestAuth" name="test_logout_clears_cookie" time="0.378" /><testcase classname="tests.test_gma_backend.TestBlogPublic" name="test_list_returns_seeded_posts" time="0.062" /><testcase classname="tests.test_gma_backend.TestBlogPublic" name="test_get_by_slug" time="0.065" /><testcase classname="tests.test_gma_backend.TestBlogPublic" name="test_get_bad_slug_404" time="0.055" /><testcase classname="tests.test_gma_backend.TestBlogAdmin" name="test_admin_list_requires_auth" time="0.110" /><testcase classname="tests.test_gma_backend.TestBlogAdmin" name="test_admin_list_with_auth" time="0.153" /><testcase classname="tests.test_gma_backend.TestBlogAdmin" name="test_create_update_delete_and_slug_uniqueness" time="0.979" /><testcase classname="tests.test_gma_backend.TestBlogAdmin" name="test_delete_nonexistent_returns_404" time="0.108" /><testcase classname="tests.test_gma_backend.TestContact" name="test_public_submit_valid" time="0.051" /><testcase classname="tests.test_gma_backend.TestContact" name="test_public_submit_invalid_email_422" time="0.055" /><testcase classname="tests.test_gma_backend.TestContact" name="test_admin_list_requires_auth" time="0.121" /><testcase classname="tests.test_gma_backend.TestContact" name="test_admin_list_and_mark_read_and_delete" time="0.549" /><testcase classname="tests.test_gma_backend.TestMongoHygiene" name="test_admin_password_is_bcrypt" time="0.015" /><testcase classname="tests.test_gma_backend.TestMongoHygiene" name="test_unique_indexes" time="0.002" /></testsuite></testsuites>